<?xml version="1.0" encoding="UTF-8"?>
<!-- Generated by org.testng.reporters.JUnitReportReporter -->
<testsuite hostname="ING091" failures="0" tests="2" name="advancedReportingExamples.SeleniumLoginTest" time="1.956" errors="1" timestamp="2020-06-03T11:17:11 EDT" skipped="1">
  <testcase classname="advancedReportingExamples.SeleniumLoginTest" name="beforeTest" time="1.956">
    <error message="session not created: This version of ChromeDriver only supports Chrome version 81
Build info: version: &#039;3.141.59&#039;, revision: &#039;e82be7d358&#039;, time: &#039;2018-11-14T08:25:48&#039;
System info: host: &#039;ING091&#039;, ip: &#039;192.168.100.118&#039;, os.name: &#039;Windows 10&#039;, os.arch: &#039;amd64&#039;, os.version: &#039;10.0&#039;, java.version: &#039;12.0.2&#039;
Driver info: driver.version: ChromeDriver
remote stacktrace: Backtrace:
	Ordinal0 [0x00E85D53+2448723]
	Ordinal0 [0x00DB8131+1605937]
	Ordinal0 [0x00CAF879+522361]
	Ordinal0 [0x00C405F3+67059]
	Ordinal0 [0x00C3CD92+52626]
	Ordinal0 [0x00C5C127+180519]
	Ordinal0 [0x00C5BF2D+180013]
	Ordinal0 [0x00C59E5B+171611]
	Ordinal0 [0x00C41DD8+73176]
	Ordinal0 [0x00C42E50+77392]
	Ordinal0 [0x00C42DE9+77289]
	Ordinal0 [0x00DCD6A7+1693351]
	GetHandleVerifier [0x00F23E16+522726]
	GetHandleVerifier [0x00F23B54+522020]
	GetHandleVerifier [0x00F38F67+609079]
	GetHandleVerifier [0x00F24686+524886]
	Ordinal0 [0x00DC5A8C+1661580]
	Ordinal0 [0x00DCF00B+1699851]
	Ordinal0 [0x00DCF173+1700211]
	Ordinal0 [0x00DE4FE5+1789925]
	BaseThreadInitThunk [0x76B60419+25]
	RtlGetAppContainerNamedObjectPath [0x778766DD+237]
	RtlGetAppContainerNamedObjectPath [0x778766AD+189]
" type="org.openqa.selenium.SessionNotCreatedException">
      <![CDATA[org.openqa.selenium.SessionNotCreatedException: session not created: This version of ChromeDriver only supports Chrome version 81
Build info: version: '3.141.59', revision: 'e82be7d358', time: '2018-11-14T08:25:48'
System info: host: 'ING091', ip: '192.168.100.118', os.name: 'Windows 10', os.arch: 'amd64', os.version: '10.0', java.version: '12.0.2'
Driver info: driver.version: ChromeDriver
remote stacktrace: Backtrace:
Ordinal0 [0x00E85D53+2448723]
Ordinal0 [0x00DB8131+1605937]
Ordinal0 [0x00CAF879+522361]
Ordinal0 [0x00C405F3+67059]
Ordinal0 [0x00C3CD92+52626]
Ordinal0 [0x00C5C127+180519]
Ordinal0 [0x00C5BF2D+180013]
Ordinal0 [0x00C59E5B+171611]
Ordinal0 [0x00C41DD8+73176]
Ordinal0 [0x00C42E50+77392]
Ordinal0 [0x00C42DE9+77289]
Ordinal0 [0x00DCD6A7+1693351]
GetHandleVerifier [0x00F23E16+522726]
GetHandleVerifier [0x00F23B54+522020]
GetHandleVerifier [0x00F38F67+609079]
GetHandleVerifier [0x00F24686+524886]
Ordinal0 [0x00DC5A8C+1661580]
Ordinal0 [0x00DCF00B+1699851]
Ordinal0 [0x00DCF173+1700211]
Ordinal0 [0x00DE4FE5+1789925]
BaseThreadInitThunk [0x76B60419+25]
RtlGetAppContainerNamedObjectPath [0x778766DD+237]
RtlGetAppContainerNamedObjectPath [0x778766AD+189]

at java.base/jdk.internal.reflect.NativeConstructorAccessorImpl.newInstance0(Native Method)
at java.base/jdk.internal.reflect.NativeConstructorAccessorImpl.newInstance(NativeConstructorAccessorImpl.java:62)
at java.base/jdk.internal.reflect.DelegatingConstructorAccessorImpl.newInstance(DelegatingConstructorAccessorImpl.java:45)
at java.base/java.lang.reflect.Constructor.newInstanceWithCaller(Constructor.java:500)
at java.base/java.lang.reflect.Constructor.newInstance(Constructor.java:481)
at org.openqa.selenium.remote.W3CHandshakeResponse.lambda$errorHandler$0(W3CHandshakeResponse.java:62)
at org.openqa.selenium.remote.HandshakeResponse.lambda$getResponseFunction$0(HandshakeResponse.java:30)
at org.openqa.selenium.remote.ProtocolHandshake.lambda$createSession$0(ProtocolHandshake.java:126)
at java.base/java.util.stream.ReferencePipeline$3$1.accept(ReferencePipeline.java:195)
at java.base/java.util.Spliterators$ArraySpliterator.tryAdvance(Spliterators.java:958)
at java.base/java.util.stream.ReferencePipeline.forEachWithCancel(ReferencePipeline.java:127)
at java.base/java.util.stream.AbstractPipeline.copyIntoWithCancel(AbstractPipeline.java:502)
at java.base/java.util.stream.AbstractPipeline.copyInto(AbstractPipeline.java:488)
at java.base/java.util.stream.AbstractPipeline.wrapAndCopyInto(AbstractPipeline.java:474)
at java.base/java.util.stream.FindOps$FindOp.evaluateSequential(FindOps.java:150)
at java.base/java.util.stream.AbstractPipeline.evaluate(AbstractPipeline.java:234)
at java.base/java.util.stream.ReferencePipeline.findFirst(ReferencePipeline.java:543)
at org.openqa.selenium.remote.ProtocolHandshake.createSession(ProtocolHandshake.java:128)
at org.openqa.selenium.remote.ProtocolHandshake.createSession(ProtocolHandshake.java:74)
at org.openqa.selenium.remote.HttpCommandExecutor.execute(HttpCommandExecutor.java:136)
at org.openqa.selenium.remote.service.DriverCommandExecutor.execute(DriverCommandExecutor.java:83)
at org.openqa.selenium.remote.RemoteWebDriver.execute(RemoteWebDriver.java:552)
at org.openqa.selenium.remote.RemoteWebDriver.startSession(RemoteWebDriver.java:213)
at org.openqa.selenium.remote.RemoteWebDriver.<init>(RemoteWebDriver.java:131)
at org.openqa.selenium.chrome.ChromeDriver.<init>(ChromeDriver.java:181)
at org.openqa.selenium.chrome.ChromeDriver.<init>(ChromeDriver.java:168)
at org.openqa.selenium.chrome.ChromeDriver.<init>(ChromeDriver.java:123)
at advancedReportingExamples.SeleniumLoginTest.beforeTest(SeleniumLoginTest.java:81)
at java.base/jdk.internal.reflect.NativeMethodAccessorImpl.invoke0(Native Method)
at java.base/jdk.internal.reflect.NativeMethodAccessorImpl.invoke(NativeMethodAccessorImpl.java:62)
at java.base/jdk.internal.reflect.DelegatingMethodAccessorImpl.invoke(DelegatingMethodAccessorImpl.java:43)
at java.base/java.lang.reflect.Method.invoke(Method.java:567)
at org.testng.internal.MethodInvocationHelper.invokeMethod(MethodInvocationHelper.java:133)
at org.testng.internal.MethodInvocationHelper.invokeMethodConsideringTimeout(MethodInvocationHelper.java:62)
at org.testng.internal.ConfigInvoker.invokeConfigurationMethod(ConfigInvoker.java:340)
at org.testng.internal.ConfigInvoker.invokeConfigurations(ConfigInvoker.java:294)
at org.testng.TestRunner.invokeTestConfigurations(TestRunner.java:623)
at org.testng.TestRunner.beforeRun(TestRunner.java:613)
at org.testng.TestRunner.run(TestRunner.java:584)
at org.testng.SuiteRunner.runTest(SuiteRunner.java:402)
at org.testng.SuiteRunner.runSequentially(SuiteRunner.java:396)
at org.testng.SuiteRunner.privateRun(SuiteRunner.java:355)
at org.testng.SuiteRunner.run(SuiteRunner.java:304)
at org.testng.SuiteRunnerWorker.runSuite(SuiteRunnerWorker.java:53)
at org.testng.SuiteRunnerWorker.run(SuiteRunnerWorker.java:96)
at org.testng.TestNG.runSuitesSequentially(TestNG.java:1180)
at org.testng.TestNG.runSuitesLocally(TestNG.java:1102)
at org.testng.TestNG.runSuites(TestNG.java:1032)
at org.testng.TestNG.run(TestNG.java:1000)
at org.testng.remote.AbstractRemoteTestNG.run(AbstractRemoteTestNG.java:115)
at org.testng.remote.RemoteTestNG.initAndRun(RemoteTestNG.java:251)
at org.testng.remote.RemoteTestNG.main(RemoteTestNG.java:77)
]]>
    </error>
  </testcase> <!-- beforeTest -->
  <testcase classname="advancedReportingExamples.SeleniumLoginTest" name="test_validLoginTest" time="0.000">
    <skipped/>
  </testcase> <!-- test_validLoginTest -->
</testsuite> <!-- advancedReportingExamples.SeleniumLoginTest -->
